[debug] [2022-08-11T20:21:58.894Z] ----------------------------------------------------------------------
[debug] [2022-08-11T20:21:58.895Z] Command:       /usr/local/bin/node /usr/local/bin/firebase serve
[debug] [2022-08-11T20:21:58.895Z] CLI Version:   11.4.2
[debug] [2022-08-11T20:21:58.895Z] Platform:      darwin
[debug] [2022-08-11T20:21:58.895Z] Node Version:  v16.16.0
[debug] [2022-08-11T20:21:58.898Z] Time:          Thu Aug 11 2022 13:21:58 GMT-0700 (Pacific Daylight Time)
[debug] [2022-08-11T20:21:58.898Z] ----------------------------------------------------------------------
[debug] 
[debug] [2022-08-11T20:21:58.899Z] >>> [apiv2][query] GET https://firebase-public.firebaseio.com/cli.json [none]
[debug] [2022-08-11T20:21:58.934Z] > command requires scopes: ["email","openid","https://www.googleapis.com/auth/cloudplatformprojects.readonly","https://www.googleapis.com/auth/firebase","https://www.googleapis.com/auth/cloud-platform"]
[debug] [2022-08-11T20:21:58.934Z] > authorizing via signed-in user (alexjoo93@gmail.com)
[debug] [2022-08-11T20:21:58.934Z] [iam] checking project groundwork-b8326 for permissions ["firebase.projects.get"]
[debug] [2022-08-11T20:21:58.935Z] > refreshing access token with scopes: []
[debug] [2022-08-11T20:21:58.935Z] >>> [apiv2][query] POST https://www.googleapis.com/oauth2/v3/token [none]
[debug] [2022-08-11T20:21:58.935Z] >>> [apiv2][body] POST https://www.googleapis.com/oauth2/v3/token [omitted]
[debug] [2022-08-11T20:21:59.113Z] <<< [apiv2][status] POST https://www.googleapis.com/oauth2/v3/token 200
[debug] [2022-08-11T20:21:59.113Z] <<< [apiv2][body] POST https://www.googleapis.com/oauth2/v3/token [omitted]
[debug] [2022-08-11T20:21:59.153Z] >>> [apiv2][query] POST https://cloudresourcemanager.googleapis.com/v1/projects/groundwork-b8326:testIamPermissions [none]
[debug] [2022-08-11T20:21:59.153Z] >>> [apiv2][(partial)header] POST https://cloudresourcemanager.googleapis.com/v1/projects/groundwork-b8326:testIamPermissions x-goog-quota-user=projects/groundwork-b8326
[debug] [2022-08-11T20:21:59.153Z] >>> [apiv2][body] POST https://cloudresourcemanager.googleapis.com/v1/projects/groundwork-b8326:testIamPermissions {"permissions":["firebase.projects.get"]}
[debug] [2022-08-11T20:22:00.507Z] <<< [apiv2][status] GET https://firebase-public.firebaseio.com/cli.json 200
[debug] [2022-08-11T20:22:00.507Z] <<< [apiv2][body] GET https://firebase-public.firebaseio.com/cli.json {"cloudBuildErrorAfter":1594252800000,"cloudBuildWarnAfter":1590019200000,"defaultNode10After":1594252800000,"minVersion":"3.0.5","node8DeploysDisabledAfter":1613390400000,"node8RuntimeDisabledAfter":1615809600000,"node8WarnAfter":1600128000000}
[debug] [2022-08-11T20:22:00.774Z] <<< [apiv2][status] POST https://cloudresourcemanager.googleapis.com/v1/projects/groundwork-b8326:testIamPermissions 200
[debug] [2022-08-11T20:22:00.775Z] <<< [apiv2][body] POST https://cloudresourcemanager.googleapis.com/v1/projects/groundwork-b8326:testIamPermissions {"permissions":["firebase.projects.get"]}
[debug] [2022-08-11T20:22:00.776Z] >>> [apiv2][query] GET https://firebase.googleapis.com/v1beta1/projects/groundwork-b8326 [none]
[debug] [2022-08-11T20:22:01.302Z] <<< [apiv2][status] GET https://firebase.googleapis.com/v1beta1/projects/groundwork-b8326 200
[debug] [2022-08-11T20:22:01.302Z] <<< [apiv2][body] GET https://firebase.googleapis.com/v1beta1/projects/groundwork-b8326 {"projectId":"groundwork-b8326","projectNumber":"763747430748","displayName":"Groundwork","name":"projects/groundwork-b8326","resources":{"hostingSite":"groundwork-b8326","realtimeDatabaseInstance":"groundwork-b8326-default-rtdb","storageBucket":"groundwork-b8326.appspot.com","locationId":"us-central"},"state":"ACTIVE","etag":"1_3ddf99ea-e25f-46c7-a0de-ef0ff292ba61"}
[info] 
[info] === Serving from '/Users/alexjoo/my-app'...
[info] 
[debug] [2022-08-11T20:22:01.306Z] >>> [apiv2][query] GET https://firebasehosting.googleapis.com/v1beta1/projects/groundwork-b8326/sites 
[info] ✔  functions: Using node@16 from host. {"metadata":{"emulator":{"name":"functions"},"message":"Using node@16 from host."}}
[debug] [2022-08-11T20:22:01.318Z] defaultcredentials: writing to file /Users/alexjoo/.config/firebase/alexjoo93_gmail_com_application_default_credentials.json
[debug] [2022-08-11T20:22:01.319Z] Setting GAC to /Users/alexjoo/.config/firebase/alexjoo93_gmail_com_application_default_credentials.json {"metadata":{"emulator":{"name":"functions"},"message":"Setting GAC to /Users/alexjoo/.config/firebase/alexjoo93_gmail_com_application_default_credentials.json"}}
[debug] [2022-08-11T20:22:01.319Z] >>> [apiv2][query] GET https://firebase.googleapis.com/v1beta1/projects/groundwork-b8326/adminSdkConfig [none]
[debug] [2022-08-11T20:22:01.913Z] <<< [apiv2][status] GET https://firebase.googleapis.com/v1beta1/projects/groundwork-b8326/adminSdkConfig 200
[debug] [2022-08-11T20:22:01.913Z] <<< [apiv2][body] GET https://firebase.googleapis.com/v1beta1/projects/groundwork-b8326/adminSdkConfig {"projectId":"groundwork-b8326","databaseURL":"https://groundwork-b8326-default-rtdb.firebaseio.com","storageBucket":"groundwork-b8326.appspot.com","locationId":"us-central"}
[debug] [2022-08-11T20:22:04.079Z] <<< [apiv2][status] GET https://firebasehosting.googleapis.com/v1beta1/projects/groundwork-b8326/sites 200
[debug] [2022-08-11T20:22:04.079Z] <<< [apiv2][body] GET https://firebasehosting.googleapis.com/v1beta1/projects/groundwork-b8326/sites {"sites":[{"name":"projects/groundwork-b8326/sites/groundwork-b8326","defaultUrl":"https://groundwork-b8326.web.app","appId":"1:763747430748:web:cba40687e28cffeacbd199","type":"DEFAULT_SITE"}]}
[debug] [2022-08-11T20:22:04.080Z] >>> [apiv2][query] GET https://firebase.googleapis.com/v1beta1/projects/groundwork-b8326/webApps/1:763747430748:web:cba40687e28cffeacbd199/config [none]
[debug] [2022-08-11T20:22:04.786Z] <<< [apiv2][status] GET https://firebase.googleapis.com/v1beta1/projects/groundwork-b8326/webApps/1:763747430748:web:cba40687e28cffeacbd199/config 200
[debug] [2022-08-11T20:22:04.786Z] <<< [apiv2][body] GET https://firebase.googleapis.com/v1beta1/projects/groundwork-b8326/webApps/1:763747430748:web:cba40687e28cffeacbd199/config {"projectId":"groundwork-b8326","appId":"1:763747430748:web:cba40687e28cffeacbd199","databaseURL":"https://groundwork-b8326-default-rtdb.firebaseio.com","storageBucket":"groundwork-b8326.appspot.com","locationId":"us-central","apiKey":"AIzaSyBZyla4_LB-iXXOJhuZ7wnihi8job9yn_Q","authDomain":"groundwork-b8326.firebaseapp.com","messagingSenderId":"763747430748","measurementId":"G-WTX4ZV6ZZJ"}
[info] i  functions: Watching "/Users/alexjoo/my-app/functions" for Cloud Functions... {"metadata":{"emulator":{"name":"functions"},"message":"Watching \"/Users/alexjoo/my-app/functions\" for Cloud Functions..."}}
[info] i  hosting: Serving hosting files from: y {"metadata":{"emulator":{"name":"hosting"},"message":"Serving hosting files from: \u001b[1my\u001b[22m"}}
[info] ✔  hosting: Local server: http://localhost:5000 {"metadata":{"emulator":{"name":"hosting"},"message":"Local server: \u001b[4m\u001b[1mhttp://localhost:5000\u001b[22m\u001b[24m"}}
[debug] [2022-08-11T20:22:04.910Z] Validating nodejs source
[debug] [2022-08-11T20:22:05.535Z] > [functions] package.json contents: {
  "name": "functions",
  "description": "Cloud Functions for Firebase",
  "scripts": {
    "lint": "eslint .",
    "serve": "firebase emulators:start --only functions",
    "shell": "firebase functions:shell",
    "start": "npm run shell",
    "deploy": "firebase deploy --only functions",
    "logs": "firebase functions:log"
  },
  "engines": {
    "node": "16"
  },
  "main": "index.js",
  "dependencies": {
    "firebase-admin": "^10.0.2",
    "firebase-functions": "^3.18.0"
  },
  "devDependencies": {
    "eslint": "^8.9.0",
    "eslint-config-google": "^0.14.0",
    "firebase-functions-test": "^0.2.0"
  },
  "private": true
}
[debug] [2022-08-11T20:22:05.536Z] Building nodejs source
[debug] [2022-08-11T20:22:05.536Z] Analyzing nodejs backend spec
[debug] [2022-08-11T20:22:05.537Z] Could not find functions.yaml. Must use http discovery
[debug] [2022-08-11T20:22:05.663Z] Serving at port 9005

[debug] [2022-08-11T20:22:05.701Z] Got response from /__/functions.yaml {"endpoints":{"helloWorld":{"platform":"gcfv1","httpsTrigger":{},"entryPoint":"helloWorld"}},"specVersion":"v1alpha1","requiredAPIs":[]}
[debug] [2022-08-11T20:22:05.705Z] shutdown requested via /__/quitquitquit

[info] ✔  functions[us-central1-helloWorld]: http function initialized (http://localhost:5001/groundwork-b8326/us-central1/helloWorld). {"metadata":{"emulator":{"name":"functions"},"message":"\u001b[1mhttp\u001b[22m function initialized (http://localhost:5001/groundwork-b8326/us-central1/helloWorld)."}}
[debug] [2022-08-11T20:31:53.802Z] ----------------------------------------------------------------------
[debug] [2022-08-11T20:31:53.803Z] Command:       /usr/local/bin/node /usr/local/bin/firebase serve
[debug] [2022-08-11T20:31:53.803Z] CLI Version:   11.4.2
[debug] [2022-08-11T20:31:53.803Z] Platform:      darwin
[debug] [2022-08-11T20:31:53.803Z] Node Version:  v16.16.0
[debug] [2022-08-11T20:31:53.813Z] Time:          Thu Aug 11 2022 13:31:53 GMT-0700 (Pacific Daylight Time)
[debug] [2022-08-11T20:31:53.813Z] ----------------------------------------------------------------------
[debug] 
[debug] [2022-08-11T20:31:53.851Z] > command requires scopes: ["email","openid","https://www.googleapis.com/auth/cloudplatformprojects.readonly","https://www.googleapis.com/auth/firebase","https://www.googleapis.com/auth/cloud-platform"]
[debug] [2022-08-11T20:31:53.852Z] > authorizing via signed-in user (alexjoo93@gmail.com)
[debug] [2022-08-11T20:31:53.852Z] [iam] checking project groundwork-b8326 for permissions ["firebase.projects.get"]
[debug] [2022-08-11T20:31:53.853Z] >>> [apiv2][query] POST https://cloudresourcemanager.googleapis.com/v1/projects/groundwork-b8326:testIamPermissions [none]
[debug] [2022-08-11T20:31:53.853Z] >>> [apiv2][(partial)header] POST https://cloudresourcemanager.googleapis.com/v1/projects/groundwork-b8326:testIamPermissions x-goog-quota-user=projects/groundwork-b8326
[debug] [2022-08-11T20:31:53.853Z] >>> [apiv2][body] POST https://cloudresourcemanager.googleapis.com/v1/projects/groundwork-b8326:testIamPermissions {"permissions":["firebase.projects.get"]}
[debug] [2022-08-11T20:31:54.044Z] <<< [apiv2][status] POST https://cloudresourcemanager.googleapis.com/v1/projects/groundwork-b8326:testIamPermissions 200
[debug] [2022-08-11T20:31:54.044Z] <<< [apiv2][body] POST https://cloudresourcemanager.googleapis.com/v1/projects/groundwork-b8326:testIamPermissions {"permissions":["firebase.projects.get"]}
[debug] [2022-08-11T20:31:54.044Z] >>> [apiv2][query] GET https://firebase.googleapis.com/v1beta1/projects/groundwork-b8326 [none]
[debug] [2022-08-11T20:31:54.498Z] <<< [apiv2][status] GET https://firebase.googleapis.com/v1beta1/projects/groundwork-b8326 200
[debug] [2022-08-11T20:31:54.498Z] <<< [apiv2][body] GET https://firebase.googleapis.com/v1beta1/projects/groundwork-b8326 {"projectId":"groundwork-b8326","projectNumber":"763747430748","displayName":"Groundwork","name":"projects/groundwork-b8326","resources":{"hostingSite":"groundwork-b8326","realtimeDatabaseInstance":"groundwork-b8326-default-rtdb","storageBucket":"groundwork-b8326.appspot.com","locationId":"us-central"},"state":"ACTIVE","etag":"1_3ddf99ea-e25f-46c7-a0de-ef0ff292ba61"}
[info] 
[info] === Serving from '/Users/alexjoo/my-app'...
[info] 
[debug] [2022-08-11T20:31:54.500Z] >>> [apiv2][query] GET https://firebasehosting.googleapis.com/v1beta1/projects/groundwork-b8326/sites 
[info] ✔  functions: Using node@16 from host. {"metadata":{"emulator":{"name":"functions"},"message":"Using node@16 from host."}}
[debug] [2022-08-11T20:31:54.511Z] defaultcredentials: writing to file /Users/alexjoo/.config/firebase/alexjoo93_gmail_com_application_default_credentials.json
[debug] [2022-08-11T20:31:54.513Z] Setting GAC to /Users/alexjoo/.config/firebase/alexjoo93_gmail_com_application_default_credentials.json {"metadata":{"emulator":{"name":"functions"},"message":"Setting GAC to /Users/alexjoo/.config/firebase/alexjoo93_gmail_com_application_default_credentials.json"}}
[debug] [2022-08-11T20:31:54.513Z] >>> [apiv2][query] GET https://firebase.googleapis.com/v1beta1/projects/groundwork-b8326/adminSdkConfig [none]
[debug] [2022-08-11T20:31:54.812Z] <<< [apiv2][status] GET https://firebase.googleapis.com/v1beta1/projects/groundwork-b8326/adminSdkConfig 200
[debug] [2022-08-11T20:31:54.812Z] <<< [apiv2][body] GET https://firebase.googleapis.com/v1beta1/projects/groundwork-b8326/adminSdkConfig {"projectId":"groundwork-b8326","databaseURL":"https://groundwork-b8326-default-rtdb.firebaseio.com","storageBucket":"groundwork-b8326.appspot.com","locationId":"us-central"}
[debug] [2022-08-11T20:31:55.041Z] <<< [apiv2][status] GET https://firebasehosting.googleapis.com/v1beta1/projects/groundwork-b8326/sites 200
[debug] [2022-08-11T20:31:55.041Z] <<< [apiv2][body] GET https://firebasehosting.googleapis.com/v1beta1/projects/groundwork-b8326/sites {"sites":[{"name":"projects/groundwork-b8326/sites/groundwork-b8326","defaultUrl":"https://groundwork-b8326.web.app","appId":"1:763747430748:web:cba40687e28cffeacbd199","type":"DEFAULT_SITE"}]}
[debug] [2022-08-11T20:31:55.041Z] >>> [apiv2][query] GET https://firebase.googleapis.com/v1beta1/projects/groundwork-b8326/webApps/1:763747430748:web:cba40687e28cffeacbd199/config [none]
[debug] [2022-08-11T20:31:55.754Z] <<< [apiv2][status] GET https://firebase.googleapis.com/v1beta1/projects/groundwork-b8326/webApps/1:763747430748:web:cba40687e28cffeacbd199/config 200
[debug] [2022-08-11T20:31:55.754Z] <<< [apiv2][body] GET https://firebase.googleapis.com/v1beta1/projects/groundwork-b8326/webApps/1:763747430748:web:cba40687e28cffeacbd199/config {"projectId":"groundwork-b8326","appId":"1:763747430748:web:cba40687e28cffeacbd199","databaseURL":"https://groundwork-b8326-default-rtdb.firebaseio.com","storageBucket":"groundwork-b8326.appspot.com","locationId":"us-central","apiKey":"AIzaSyBZyla4_LB-iXXOJhuZ7wnihi8job9yn_Q","authDomain":"groundwork-b8326.firebaseapp.com","messagingSenderId":"763747430748","measurementId":"G-WTX4ZV6ZZJ"}
[info] i  functions: Watching "/Users/alexjoo/my-app/functions" for Cloud Functions... {"metadata":{"emulator":{"name":"functions"},"message":"Watching \"/Users/alexjoo/my-app/functions\" for Cloud Functions..."}}
[info] i  hosting: Serving hosting files from: y {"metadata":{"emulator":{"name":"hosting"},"message":"Serving hosting files from: \u001b[1my\u001b[22m"}}
[info] ✔  hosting: Local server: http://localhost:5000 {"metadata":{"emulator":{"name":"hosting"},"message":"Local server: \u001b[4m\u001b[1mhttp://localhost:5000\u001b[22m\u001b[24m"}}
[debug] [2022-08-11T20:31:55.842Z] Validating nodejs source
[debug] [2022-08-11T20:31:56.530Z] > [functions] package.json contents: {
  "name": "functions",
  "description": "Cloud Functions for Firebase",
  "scripts": {
    "lint": "eslint .",
    "serve": "firebase emulators:start --only functions",
    "shell": "firebase functions:shell",
    "start": "npm run shell",
    "deploy": "firebase deploy --only functions",
    "logs": "firebase functions:log"
  },
  "engines": {
    "node": "16"
  },
  "main": "index.js",
  "dependencies": {
    "firebase-admin": "^10.0.2",
    "firebase-functions": "^3.18.0"
  },
  "devDependencies": {
    "eslint": "^8.9.0",
    "eslint-config-google": "^0.14.0",
    "firebase-functions-test": "^0.2.0"
  },
  "private": true
}
[debug] [2022-08-11T20:31:56.531Z] Building nodejs source
[debug] [2022-08-11T20:31:56.531Z] Analyzing nodejs backend spec
[debug] [2022-08-11T20:31:56.532Z] Could not find functions.yaml. Must use http discovery
[debug] [2022-08-11T20:31:56.666Z] Serving at port 9005

[debug] [2022-08-11T20:31:56.715Z] Got response from /__/functions.yaml {"endpoints":{"helloWorld":{"platform":"gcfv1","httpsTrigger":{},"entryPoint":"helloWorld"}},"specVersion":"v1alpha1","requiredAPIs":[]}
[debug] [2022-08-11T20:31:56.719Z] shutdown requested via /__/quitquitquit

[info] ✔  functions[us-central1-helloWorld]: http function initialized (http://localhost:5001/groundwork-b8326/us-central1/helloWorld). {"metadata":{"emulator":{"name":"functions"},"message":"\u001b[1mhttp\u001b[22m function initialized (http://localhost:5001/groundwork-b8326/us-central1/helloWorld)."}}
[debug] [2022-08-15T02:37:51.243Z] ----------------------------------------------------------------------
[debug] [2022-08-15T02:37:51.244Z] Command:       /usr/local/bin/node /usr/local/bin/firebase serve
[debug] [2022-08-15T02:37:51.244Z] CLI Version:   11.4.2
[debug] [2022-08-15T02:37:51.244Z] Platform:      darwin
[debug] [2022-08-15T02:37:51.244Z] Node Version:  v16.16.0
[debug] [2022-08-15T02:37:51.246Z] Time:          Sun Aug 14 2022 19:37:51 GMT-0700 (Pacific Daylight Time)
[debug] [2022-08-15T02:37:51.246Z] ----------------------------------------------------------------------
[debug] 
[debug] [2022-08-15T02:37:51.247Z] >>> [apiv2][query] GET https://firebase-public.firebaseio.com/cli.json [none]
[debug] [2022-08-15T02:37:51.283Z] > command requires scopes: ["email","openid","https://www.googleapis.com/auth/cloudplatformprojects.readonly","https://www.googleapis.com/auth/firebase","https://www.googleapis.com/auth/cloud-platform"]
[debug] [2022-08-15T02:37:51.283Z] > authorizing via signed-in user (alexjoo93@gmail.com)
[debug] [2022-08-15T02:37:51.283Z] [iam] checking project groundwork-b8326 for permissions ["firebase.projects.get"]
[debug] [2022-08-15T02:37:51.283Z] > refreshing access token with scopes: []
[debug] [2022-08-15T02:37:51.284Z] >>> [apiv2][query] POST https://www.googleapis.com/oauth2/v3/token [none]
[debug] [2022-08-15T02:37:51.284Z] >>> [apiv2][body] POST https://www.googleapis.com/oauth2/v3/token [omitted]
[debug] [2022-08-15T02:37:51.448Z] <<< [apiv2][status] POST https://www.googleapis.com/oauth2/v3/token 200
[debug] [2022-08-15T02:37:51.448Z] <<< [apiv2][body] POST https://www.googleapis.com/oauth2/v3/token [omitted]
[debug] [2022-08-15T02:37:51.491Z] >>> [apiv2][query] POST https://cloudresourcemanager.googleapis.com/v1/projects/groundwork-b8326:testIamPermissions [none]
[debug] [2022-08-15T02:37:51.491Z] >>> [apiv2][(partial)header] POST https://cloudresourcemanager.googleapis.com/v1/projects/groundwork-b8326:testIamPermissions x-goog-quota-user=projects/groundwork-b8326
[debug] [2022-08-15T02:37:51.491Z] >>> [apiv2][body] POST https://cloudresourcemanager.googleapis.com/v1/projects/groundwork-b8326:testIamPermissions {"permissions":["firebase.projects.get"]}
[debug] [2022-08-15T02:37:51.568Z] <<< [apiv2][status] GET https://firebase-public.firebaseio.com/cli.json 200
[debug] [2022-08-15T02:37:51.568Z] <<< [apiv2][body] GET https://firebase-public.firebaseio.com/cli.json {"cloudBuildErrorAfter":1594252800000,"cloudBuildWarnAfter":1590019200000,"defaultNode10After":1594252800000,"minVersion":"3.0.5","node8DeploysDisabledAfter":1613390400000,"node8RuntimeDisabledAfter":1615809600000,"node8WarnAfter":1600128000000}
[debug] [2022-08-15T02:37:51.754Z] <<< [apiv2][status] POST https://cloudresourcemanager.googleapis.com/v1/projects/groundwork-b8326:testIamPermissions 200
[debug] [2022-08-15T02:37:51.754Z] <<< [apiv2][body] POST https://cloudresourcemanager.googleapis.com/v1/projects/groundwork-b8326:testIamPermissions {"permissions":["firebase.projects.get"]}
[debug] [2022-08-15T02:37:51.755Z] >>> [apiv2][query] GET https://firebase.googleapis.com/v1beta1/projects/groundwork-b8326 [none]
[debug] [2022-08-15T02:37:52.269Z] <<< [apiv2][status] GET https://firebase.googleapis.com/v1beta1/projects/groundwork-b8326 200
[debug] [2022-08-15T02:37:52.270Z] <<< [apiv2][body] GET https://firebase.googleapis.com/v1beta1/projects/groundwork-b8326 {"projectId":"groundwork-b8326","projectNumber":"763747430748","displayName":"Groundwork","name":"projects/groundwork-b8326","resources":{"hostingSite":"groundwork-b8326","realtimeDatabaseInstance":"groundwork-b8326-default-rtdb","storageBucket":"groundwork-b8326.appspot.com","locationId":"us-central"},"state":"ACTIVE","etag":"1_4d736b11-b65e-42da-87b7-eb836823616a"}
[info] 
[info] === Serving from '/Users/alexjoo/my-app'...
[info] 
[debug] [2022-08-15T02:37:52.272Z] >>> [apiv2][query] GET https://firebasehosting.googleapis.com/v1beta1/projects/groundwork-b8326/sites 
[info] ✔  functions: Using node@16 from host. {"metadata":{"emulator":{"name":"functions"},"message":"Using node@16 from host."}}
[debug] [2022-08-15T02:37:52.281Z] defaultcredentials: writing to file /Users/alexjoo/.config/firebase/alexjoo93_gmail_com_application_default_credentials.json
[debug] [2022-08-15T02:37:52.283Z] Setting GAC to /Users/alexjoo/.config/firebase/alexjoo93_gmail_com_application_default_credentials.json {"metadata":{"emulator":{"name":"functions"},"message":"Setting GAC to /Users/alexjoo/.config/firebase/alexjoo93_gmail_com_application_default_credentials.json"}}
[debug] [2022-08-15T02:37:52.283Z] >>> [apiv2][query] GET https://firebase.googleapis.com/v1beta1/projects/groundwork-b8326/adminSdkConfig [none]
[debug] [2022-08-15T02:37:52.885Z] <<< [apiv2][status] GET https://firebasehosting.googleapis.com/v1beta1/projects/groundwork-b8326/sites 200
[debug] [2022-08-15T02:37:52.885Z] <<< [apiv2][body] GET https://firebasehosting.googleapis.com/v1beta1/projects/groundwork-b8326/sites {"sites":[{"name":"projects/groundwork-b8326/sites/groundwork-b8326","defaultUrl":"https://groundwork-b8326.web.app","appId":"1:763747430748:web:cba40687e28cffeacbd199","type":"DEFAULT_SITE"}]}
[debug] [2022-08-15T02:37:52.886Z] >>> [apiv2][query] GET https://firebase.googleapis.com/v1beta1/projects/groundwork-b8326/webApps/1:763747430748:web:cba40687e28cffeacbd199/config [none]
[debug] [2022-08-15T02:37:52.887Z] <<< [apiv2][status] GET https://firebase.googleapis.com/v1beta1/projects/groundwork-b8326/adminSdkConfig 200
[debug] [2022-08-15T02:37:52.887Z] <<< [apiv2][body] GET https://firebase.googleapis.com/v1beta1/projects/groundwork-b8326/adminSdkConfig {"projectId":"groundwork-b8326","databaseURL":"https://groundwork-b8326-default-rtdb.firebaseio.com","storageBucket":"groundwork-b8326.appspot.com","locationId":"us-central"}
[debug] [2022-08-15T02:37:53.495Z] <<< [apiv2][status] GET https://firebase.googleapis.com/v1beta1/projects/groundwork-b8326/webApps/1:763747430748:web:cba40687e28cffeacbd199/config 200
[debug] [2022-08-15T02:37:53.495Z] <<< [apiv2][body] GET https://firebase.googleapis.com/v1beta1/projects/groundwork-b8326/webApps/1:763747430748:web:cba40687e28cffeacbd199/config {"projectId":"groundwork-b8326","appId":"1:763747430748:web:cba40687e28cffeacbd199","databaseURL":"https://groundwork-b8326-default-rtdb.firebaseio.com","storageBucket":"groundwork-b8326.appspot.com","locationId":"us-central","apiKey":"AIzaSyBZyla4_LB-iXXOJhuZ7wnihi8job9yn_Q","authDomain":"groundwork-b8326.firebaseapp.com","messagingSenderId":"763747430748","measurementId":"G-WTX4ZV6ZZJ"}
[info] i  functions: Watching "/Users/alexjoo/my-app/functions" for Cloud Functions... {"metadata":{"emulator":{"name":"functions"},"message":"Watching \"/Users/alexjoo/my-app/functions\" for Cloud Functions..."}}
[info] i  hosting: Serving hosting files from: y {"metadata":{"emulator":{"name":"hosting"},"message":"Serving hosting files from: \u001b[1my\u001b[22m"}}
[info] ✔  hosting: Local server: http://localhost:5000 {"metadata":{"emulator":{"name":"hosting"},"message":"Local server: \u001b[4m\u001b[1mhttp://localhost:5000\u001b[22m\u001b[24m"}}
[debug] [2022-08-15T02:37:53.588Z] Validating nodejs source
[debug] [2022-08-15T02:37:54.451Z] > [functions] package.json contents: {
  "name": "functions",
  "description": "Cloud Functions for Firebase",
  "scripts": {
    "lint": "eslint .",
    "serve": "firebase emulators:start --only functions",
    "shell": "firebase functions:shell",
    "start": "npm run shell",
    "deploy": "firebase deploy --only functions",
    "logs": "firebase functions:log"
  },
  "engines": {
    "node": "16"
  },
  "main": "index.js",
  "dependencies": {
    "firebase-admin": "^10.0.2",
    "firebase-functions": "^3.18.0"
  },
  "devDependencies": {
    "eslint": "^8.9.0",
    "eslint-config-google": "^0.14.0",
    "firebase-functions-test": "^0.2.0"
  },
  "private": true
}
[debug] [2022-08-15T02:37:54.451Z] Building nodejs source
[debug] [2022-08-15T02:37:54.451Z] Analyzing nodejs backend spec
[debug] [2022-08-15T02:37:54.453Z] Could not find functions.yaml. Must use http discovery
[debug] [2022-08-15T02:37:54.579Z] Serving at port 9005

[debug] [2022-08-15T02:37:54.625Z] Got response from /__/functions.yaml {"endpoints":{"helloWorld":{"platform":"gcfv1","httpsTrigger":{},"entryPoint":"helloWorld"}},"specVersion":"v1alpha1","requiredAPIs":[]}
[debug] [2022-08-15T02:37:54.628Z] shutdown requested via /__/quitquitquit

[info] ✔  functions[us-central1-helloWorld]: http function initialized (http://localhost:5001/groundwork-b8326/us-central1/helloWorld). {"metadata":{"emulator":{"name":"functions"},"message":"\u001b[1mhttp\u001b[22m function initialized (http://localhost:5001/groundwork-b8326/us-central1/helloWorld)."}}
